2017-07-01 19:32:00 social.keenfamily.us
2017-07-03 23:26:00 social.bytestemplar.com
2017-07-04 00:34:00 koreus.social
2017-07-04 23:28:00 social.nowa.re
2017-07-05 01:00:00 romandie.social
2017-07-05 05:51:00 neumastodon.com
2017-07-05 15:00:00 social.yournearestbar.com
2017-07-05 16:19:00 mastodon.link
2017-07-05 21:26:00 presidentielle.tech
2017-07-06 00:39:00 social.lgy.fr
2017-07-06 09:43:00 cute.group
2017-07-06 11:06:00 nomofomo.social
2017-07-06 16:45:00 rxt.social
2017-07-06 22:08:00 mastodon.seti.bzh
2017-07-07 04:43:00 lavraievie.social
2017-07-08 00:20:00 henrygarner.im
2017-07-09 04:26:00 social.k40s.net
2017-07-09 04:35:00 www.owlparliament.com
2017-07-09 10:19:00 mastodon.al
2017-07-09 23:28:00 mastodon.notwebsite.com
2017-07-09 23:59:00 chat.fasil.cloud
2017-07-10 17:55:00 eesti.zone
2017-07-10 22:25:00 mastodon.bearmulk.us
2017-07-11 06:09:00 mastodon.benoit-alessandroni.fr
2017-07-11 07:31:00 nearly.social
2017-07-11 10:19:00 mastodon.engineering
2017-07-12 00:47:00 Pouet.social
2017-07-12 00:47:00 pouet.social
2017-07-12 01:55:00 social.driou.tech
2017-07-13 02:02:00 mastodon.saucissefrites.com
2017-07-13 04:46:00 idreamof.ryukyu
2017-07-13 16:47:00 socialcs.xyz
2017-07-13 17:21:00 mastodon.paas.jp
2017-07-13 21:53:00 mastodon.yumulab.org
2017-07-13 22:46:00 mastodon.zzpro.net
2017-07-13 23:18:00 park.eldoom.me
2017-07-14 00:12:00 mastodon.limilo.com
2017-07-14 01:06:00 bleepbloop.club
2017-07-14 08:55:00 burners.social
2017-07-14 11:15:00 social.bytesexual.net
2017-07-14 15:07:00 mstdn.chiaroscuro.work
2017-07-14 15:07:00 yuki.tech
2017-07-14 16:10:00 mastodon.pocka.info
2017-07-14 20:41:00 m.4ac.me
2017-07-14 21:55:00 yiff.fyi
2017-07-14 23:26:00 mastodon.ajy.co
2017-07-14 23:49:00 bagels.pizza
2017-07-15 05:01:00 kinugasa.me
2017-07-15 11:42:00 mastodon.vegas
2017-07-15 14:01:00 mstdn.kocko.org
2017-07-15 15:58:00 mstdn.dream-seed.com
2017-07-15 16:23:00 mstdn.ebi-fry306.net
2017-07-15 19:12:00 mtdn.jp
2017-07-15 22:15:00 mastodon.megkuma.com
2017-07-15 22:47:00 geekvc.jp
2017-07-15 23:38:00 mastodon.friendlydads.net
2017-07-16 00:16:00 mastodon.cool
2017-07-16 01:01:00 don.yokohama
2017-07-16 01:12:00 mastodon-startup.org
2017-07-16 05:59:00 mastodon.wolfe.cloud
2017-07-16 09:59:00 mstdn.feelingso.blue
2017-07-16 12:58:00 mastdn.me
2017-07-16 13:27:00 leaf.style
2017-07-16 15:20:00 paoru.jp
2017-07-16 15:50:00 blogs.jp
2017-07-16 16:24:00 nittc.tokyo
2017-07-17 00:43:00 swast.club
2017-07-17 00:46:00 hobaugh.social
2017-07-17 05:51:00 voiceofcomputer.xyz
2017-07-17 05:58:00 mastodon.macondo.info
2017-07-17 06:12:00 whiplashprinciples.club
2017-07-17 11:33:00 mstdn.d-sak.com
2017-07-17 12:20:00 mobie.live
2017-07-17 19:58:00 don.fgc.fun
2017-07-17 20:14:00 big.tuxme.net
2017-07-17 20:52:00 www.mikuappend.com
2017-07-17 21:48:00 mastodon.aigamo-web.net
2017-07-17 23:35:00 idolon.club
2017-07-18 14:06:00 m.r4o.jp
2017-07-18 21:49:00 gensou.social
2017-07-18 22:43:00 mastodon.mezashi.info
2017-07-19 01:17:00 mastodon.mosin.jp
2017-07-19 10:15:00 vm.mstdn.media
2017-07-19 17:48:00 mastodon.cloud-ace.jp
2017-07-19 19:16:00 mstdn.camera
2017-07-19 21:22:00 car-mastodon.link
2017-07-19 22:13:00 mastodon-robamimi.club
2017-07-19 23:29:00 mstdn.orangeliner.net
2017-07-19 23:57:00 mastodon.tricast.org
2017-07-20 01:56:00 msgdn.xyz
2017-07-20 03:14:00 clc.plus
2017-07-20 23:44:00 furstdn.jp
2017-07-21 01:35:00 konkat.jp
2017-07-21 10:12:00 technologeek.me
2017-07-21 10:36:00 mastodon.ts-novels.jp
2017-07-21 14:35:00 games-community.xyz
2017-07-21 18:46:00 anime.mstdn.cloud
2017-07-21 19:21:00 mastodon.sylvaniansagamies.tokyo
2017-07-21 19:33:00 mstdn.archi
2017-07-22 02:02:00 band-mastdn.tokyo
2017-07-22 02:39:00 15m.icolectiva.org
2017-07-22 06:02:00 xn--twttr-7raz.com
2017-07-22 07:19:00 status.ldjb.uk
2017-07-22 12:08:00 mstdn.lotty.jp
2017-07-22 12:28:00 mstdn.i-fromjapan.com
2017-07-22 16:23:00 mastodont.social
2017-07-22 23:41:00 mbstdn.tokyo
2017-07-23 00:00:00 88.om
2017-07-23 00:00:00 ablative.stream
2017-07-23 00:00:00 acab.land
2017-07-23 00:00:00 anime.country
2017-07-23 00:00:00 anitwitter.com
2017-07-23 00:00:00 astdn.tokyo
2017-07-23 00:00:00 asukuru.com
2017-07-23 00:00:00 atxcoop.club
2017-07-23 00:00:00 bookn.me
2017-07-23 00:00:00 boredom.land
2017-07-23 00:00:00 boys.computer
2017-07-23 00:00:00 caffeinatedfriends.club
2017-07-23 00:00:00 chitose.moe
2017-07-23 00:00:00 clubclubclub.club
2017-07-23 00:00:00 cosp.la
2017-07-23 00:00:00 cryptid.club
2017-07-23 00:00:00 d.mob-con.com
2017-07-23 00:00:00 disnidn.net
2017-07-23 00:00:00 dondondon.ga
2017-07-23 00:00:00 dumbo.kr
2017-07-23 00:00:00 engekidon.net
2017-07-23 00:00:00 eu1.mastoburn.com
2017-07-23 00:00:00 gamesha.samurai-gamers.com
2017-07-23 00:00:00 geekz4u.com
2017-07-23 00:00:00 gifudon.jp
2017-07-23 00:00:00 i.write.codethat.sucks
2017-07-23 00:00:00 idbt.tv
2017-07-23 00:00:00 keibadon.com
2017-07-23 00:00:00 kokedon.xyz
2017-07-23 00:00:00 komula.space
2017-07-23 00:00:00 lemontree.ml
2017-07-23 00:00:00 lgbtjcat.com
2017-07-23 00:00:00 m.moriya.faith
2017-07-23 00:00:00 mammut.red
2017-07-23 00:00:00 mamoot.party
2017-07-23 00:00:00 mapicardie.fr
2017-07-23 00:00:00 marxism.party
2017-07-23 00:00:00 mast0d0n.fr
2017-07-23 00:00:00 mastd.me
2017-07-23 00:00:00 mastocial.stream
2017-07-23 00:00:00 mastod.life
2017-07-23 00:00:00 mastodon-nagano.info
2017-07-23 00:00:00 mastodon.center
2017-07-23 00:00:00 mastodon.chocolicornes.org
2017-07-23 00:00:00 mastodon.com.tw
2017-07-23 00:00:00 mastodon.crypt.lol
2017-07-23 00:00:00 mastodon.decharriere.fr
2017-07-23 00:00:00 mastodon.direct
2017-07-23 00:00:00 mastodon.euskirchen.digital
2017-07-23 00:00:00 mastodon.frontierfoundry.co
2017-07-23 00:00:00 mastodon.fun
2017-07-23 00:00:00 mastodon.herebedragons.io
2017-07-23 00:00:00 mastodon.loomcom.com
2017-07-23 00:00:00 mastodon.mita.me
2017-07-23 00:00:00 mastodon.my
2017-07-23 00:00:00 mastodon.not-enough.space
2017-07-23 00:00:00 mastodon.nu
2017-07-23 00:00:00 mastodon.plein.org
2017-07-23 00:00:00 mastodon.pro
2017-07-23 00:00:00 mastodon.scuttle.org
2017-07-23 00:00:00 mastodon.seijin.jp
2017-07-23 00:00:00 mastodon.storel.li
2017-07-23 00:00:00 mastodon.sysreturn.net
2017-07-23 00:00:00 mastodon.un-zero-un.net
2017-07-23 00:00:00 mastodon.w41.org
2017-07-23 00:00:00 mastodon.ynu.zone
2017-07-23 00:00:00 mastodon.zenger.nl
2017-07-23 00:00:00 mastodonsocial.ru
2017-07-23 00:00:00 mastube.jp
2017-07-23 00:00:00 masutabedon.com
2017-07-23 00:00:00 mazu.social
2017-07-23 00:00:00 mcdev.tech
2017-07-23 00:00:00 mdn.crows.tokyo
2017-07-23 00:00:00 medicaldon.jp
2017-07-23 00:00:00 misanthropy.wang
2017-07-23 00:00:00 misty-island.info
2017-07-23 00:00:00 mst.dolpen.net
2017-07-23 00:00:00 mstdn-ff14.jp
2017-07-23 00:00:00 mstdn.3mivon.net
2017-07-23 00:00:00 mstdn.7kry.net
2017-07-23 00:00:00 mstdn.ayano.jp
2017-07-23 00:00:00 mstdn.bomucha.net
2017-07-23 00:00:00 mstdn.fun
2017-07-23 00:00:00 mstdn.minarin.moe
2017-07-23 00:00:00 mstdn.netaka.net
2017-07-23 00:00:00 mstdn.sanin.club
2017-07-23 00:00:00 mstdn.t11i.jp
2017-07-23 00:00:00 mstdn.top
2017-07-23 00:00:00 mstdn.world
2017-07-23 00:00:00 mstdn2017.club
2017-07-23 00:00:00 mstdon.robox.org
2017-07-23 00:00:00 myfreckle.com
2017-07-23 00:00:00 nog20.social
2017-07-23 00:00:00 nouseforsense.us
2017-07-23 00:00:00 ohmygod.social
2017-07-23 00:00:00 ostatus.ikeji.ma
2017-07-23 00:00:00 ostatus.noviiro.me
2017-07-23 00:00:00 pachislodon.net
2017-07-23 00:00:00 paotter.com
2017-07-23 00:00:00 politebot.com
2017-07-23 00:00:00 pouet.panglossoft.fr
2017-07-23 00:00:00 pouet.sbaron.fr
2017-07-23 00:00:00 recode.macro.tokyo/
2017-07-23 00:00:00 reveal.today
2017-07-23 00:00:00 rx14.co.uk
2017-07-23 00:00:00 sanam.xyz
2017-07-23 00:00:00 soc.bckly.com
2017-07-23 00:00:00 socia.esperant.io
2017-07-23 00:00:00 social.0x80.org
2017-07-23 00:00:00 social.chronal.net
2017-07-23 00:00:00 social.collabora.digital
2017-07-23 00:00:00 social.gbox.work
2017-07-23 00:00:00 social.guimik.fr
2017-07-23 00:00:00 social.ill.fi
2017-07-23 00:00:00 social.jasongreen.net
2017-07-23 00:00:00 social.lavolte.net
2017-07-23 00:00:00 social.nekoruri.jp
2017-07-23 00:00:00 sportsdon.t11i.jp
2017-07-23 00:00:00 status.lullis.net
2017-07-23 00:00:00 status.unixmail.fr
2017-07-23 00:00:00 super-famicom.com
2017-07-23 00:00:00 the.wired.sehol.se
2017-07-23 00:00:00 thecave.social
2017-07-23 00:00:00 tinat.fun
2017-07-23 00:00:00 tooot.im
2017-07-23 00:00:00 toot.mst-dn.me
2017-07-23 00:00:00 toot.playgames.jp
2017-07-23 00:00:00 tradon.jp
2017-07-23 00:00:00 webdevnerds.tech
2017-07-23 00:00:00 witches.academy
2017-07-23 00:00:00 xn--zck4azd638n.com
2017-07-23 00:00:00 xn--zckuao5dze.jp
2017-07-23 06:10:00 dreo.io
2017-07-23 07:09:00 social.tinysubversions.com
2017-07-23 12:01:00 nishinomiya.in.net
2017-07-23 15:15:00 mastodon.tetrisfreak.org
2017-07-23 18:40:00 social.over-world.org
2017-07-23 20:50:00 insoumis-es.net
2017-07-24 04:33:00 mast.catsbay.org
2017-07-24 05:26:00 mastodon.co.za
2017-07-24 11:02:00 mastodonaustralia.com.au
2017-07-24 15:22:00 mastodon.rw
2017-07-24 16:06:00 mtgdon.jp
2017-07-24 19:50:00 mastodon.cyber-tribal.com
2017-07-24 21:40:00 mastodonar.club
2017-07-24 23:20:00 elekk.xyz
2017-07-25 00:18:00 social.magnier.io
2017-07-25 02:18:00 mastodon.alexrio.fr
2017-07-25 03:40:00 mastodon.uy
2017-07-25 04:37:00 mstdntr.com
2017-07-25 06:11:00 s.ovalerio.net
2017-07-25 08:59:59 mstdn.jbc-s.net
2017-07-25 10:36:00 niigata.minnna.xyz
2017-07-25 13:47:00 mastodon.robotstart.info
2017-07-25 17:09:00 social.coop
2017-07-25 19:35:00 psodon.com
2017-07-25 22:23:00 emojidon.global
2017-07-25 23:20:00 noisebridge.social
2017-07-25 23:33:00 o.kagucho.net
2017-07-26 06:57:00 mastodon.nl
2017-07-26 14:29:00 mstdn-politics.com
2017-07-26 20:26:00 mastodon.macsnet.cz
2017-07-27 06:19:00 social.bzh
2017-07-27 08:41:00 sleeklounge.com
2017-07-27 12:15:00 mstdn.okayama.jp
2017-07-27 12:22:00 mstdn.muto.me
2017-07-27 17:47:00 mstdn.endurancesports.club
2017-07-27 23:50:00 kancolle-yokosuka.xyz
2017-07-28 01:08:00 f-rabbit.com
2017-07-28 12:48:00 m-uru.website
2017-07-28 15:55:00 nomlishdon.racing-lagoon.info
2017-07-28 17:31:00 dokushodon.life
2017-07-28 19:35:00 mastodon.swordlogic.com
2017-07-28 21:12:00 gentleman-loser.com
2017-07-29 06:57:00 qwerty.city
2017-07-29 06:57:00 scifi.fyi
2017-07-29 12:12:00 cyclodon.net
2017-07-29 14:51:00 snabeltann.no
2017-07-29 18:12:00 ngndn.jp
2017-07-29 19:49:00 don.matchy.jp
2017-07-30 04:00:00 akiba.tokyo.jp
2017-07-30 04:00:00 don.komoro.net
2017-07-30 04:00:00 eat-inago-inago.com
2017-07-30 04:00:00 iomstdn.tokyo
2017-07-30 04:00:00 nagayodon.com
2017-07-30 04:00:00 omotesandon.com
2017-07-30 04:00:00 saunner.com
2017-07-30 04:00:00 training-fitness.fun
2017-07-30 04:00:00 tsunanmstdn.jp
2017-07-30 05:09:00 social.homunyan.com
2017-07-30 12:49:00 frontend.social
2017-07-30 22:02:00 twitterchan.net
2017-07-31 02:41:00 jpnews.site
2017-07-31 04:14:00 mstdn.hisurga.com
2017-07-31 07:25:00 naos.crypto.church
2017-07-31 07:30:00 don.asama.net
2017-07-31 08:15:00 hige.alterna-cloud.com
2017-07-31 15:20:00 www.ksu-mastodon.com
2017-07-31 19:52:00 gamelinks007.net
2017-08-01 11:28:00 akibaoh.tech
2017-08-01 14:48:00 waraiotoko.net
2017-08-01 15:47:00 mstdona.net
2017-08-02 12:23:00 mstdn.s6jr.com
2017-08-02 22:54:00 mstdn.club
2017-08-03 05:31:00 scalie.club
2017-08-03 07:11:00 mastodon.civleaguejp.net
2017-08-03 10:56:00 www.seiyu-mstdn.club
2017-08-03 12:04:00 lomo.mstdn.tokyo
2017-08-03 13:23:00 mstdn-tech.jp
2017-08-03 15:23:00 chibadon.jp
2017-08-03 15:46:00 i-kaohsiung.com
2017-08-03 20:24:00 pwning.social
2017-08-03 22:14:00 ivrianochi.com
2017-08-04 05:16:00 uldhaar.dk
2017-08-04 07:25:00 mstdn.mobilehackerz.jp
2017-08-04 11:07:00 foodon.jp
2017-08-04 12:51:00 social.gemuplay.com
2017-08-04 16:25:00 mstdoujin.net
2017-08-05 15:57:00 mastodon.yamaoka-takeshi.xyz
2017-08-05 18:39:00 mstdn.asami.red
2017-08-06 01:09:00 mastodon.neilcastelino.com
2017-08-06 08:30:00 idoldon.com
2017-08-06 12:57:00 gamecluster.net
2017-08-06 15:49:00 gyudn.com
2017-08-06 18:33:00 mastodon.havas.jp
2017-08-06 19:00:00 haruhi-mstdn.club
2017-08-07 00:00:00 oknwdn.com
2017-08-07 00:27:00 yakult.style
2017-08-07 05:51:00 manx.social
2017-08-07 10:32:00 beerbeer.tokyo
2017-08-07 20:23:00 mastodon.pl
2017-08-08 02:54:00 mastodon.hartley.cc
2017-08-08 17:06:00 everydon.com
2017-08-08 17:32:00 m6n.kigurumi.fun
2017-08-08 19:20:00 nkmr.paoru.jp
2017-08-10 15:37:00 compass-community.f5.si
2017-08-10 16:28:00 emacs.li
2017-08-10 17:25:00 momoclo.social
2017-08-10 18:14:00 nandon.cc
2017-08-10 20:50:00 mastodon.dissem.ch
2017-08-10 23:01:00 mastodon.potager.org
2017-08-11 09:09:00 mastodon.dqfan.club
2017-08-11 20:25:00 jianghupl.com
2017-08-12 04:16:00 shimaidon.net
2017-08-12 21:21:00 mstdn.a-tak.com
2017-08-13 01:09:00 malfunctioning.technology
2017-08-13 12:08:00 mstdn.kwmr.info
2017-08-13 14:31:00 myles.life
2017-08-13 16:41:00 mstdn-ac.ryukyu
2017-08-13 21:10:00 social.alabasta.net
2017-08-13 22:48:00 social.gestaltzerfall.net
2017-08-13 23:09:00 algerietelecom.org
2017-08-14 02:46:00 mastodon.acc.sunet.se
2017-08-14 08:57:00 gadget.inpocket.net
2017-08-14 20:04:00 mastodon.gbnet.net
2017-08-15 02:14:00 sdfn-01.ninjawedding.org
2017-08-15 08:51:00 social.pueseso.club
2017-08-15 13:31:00 mastodon.osyakasyama.me
2017-08-15 20:27:00 mstdn.onl
2017-08-15 22:37:00 east.mstdn.tokyo
2017-08-15 23:03:00 sys.kawi.fr
2017-08-15 23:04:00 mstdn.kidsblock.jp
2017-08-16 04:46:00 mastodon.lignux.com
2017-08-16 20:20:00 mastodon.wiuse.work
2017-08-17 05:01:00 social.arbleizez.bzh
2017-08-17 16:05:00 tbs.jikkyo.tv
2017-08-18 01:10:00 aigisdon.net
2017-08-18 18:24:00 mstdn.boxertwin.info
2017-08-18 21:14:00 fgochiho.vip
2017-08-18 23:49:00 syachiku.net
2017-08-19 02:15:00 party.ochakai.moe
2017-08-19 03:30:00 mastodon.undernet.uy
2017-08-19 04:28:00 mastodon.punkti.co
2017-08-19 07:05:00 mastodon.jpages.eu
2017-08-19 10:00:00 md.yuzulia.com
2017-08-20 01:38:00 mastodon.srvmaison.fr.nf
2017-08-20 04:16:00 masatodon.jp
2017-08-20 22:21:00 dudesa.me
2017-08-20 23:58:00 m.upsilo.net
2017-08-21 17:31:00 ntv.jikkyo.tv
2017-08-22 00:29:00 mostodon.info
2017-08-22 14:50:00 tvasahi.jikkyo.tv
2017-08-22 17:48:00 nhk.jikkyo.tv
2017-08-22 19:37:00 etv.jikkyo.tv
2017-08-22 20:35:00 social.pop42.net
2017-08-22 21:59:00 manowar.social
2017-08-22 23:52:00 social.chilliet.eu
2017-08-23 00:43:00 mstdn.syaroshi.co
2017-08-23 02:09:00 mastodon.network
2017-08-23 02:59:00 hodl.city
2017-08-23 08:33:00 bldon.net
2017-08-23 08:49:00 social.tictech.info
2017-08-23 12:01:00 summoners-riftodon.jp
2017-08-23 15:36:00 doshidon.com
2017-08-23 16:46:00 pleasehug.me
2017-08-24 19:09:00 tokyomx.jikkyo.tv
2017-08-24 21:25:00 tetsugaku.place
2017-08-25 01:17:00 social.becauseofprog.fr
2017-08-25 11:44:00 ika.queloud.net
2017-08-25 23:06:00 mastodon.koteitan.com
2017-08-26 06:04:00 social.tchncs.de
2017-08-26 20:02:00 mistermi.me
2017-08-27 02:45:00 pouet.it
2017-08-27 05:13:00 toot.psyco.fr
2017-08-27 06:00:00 mastodon.dotopia.dk
2017-08-28 00:06:00 mastodon.partecipa.digital
2017-08-28 08:16:00 animalliberation.social
2017-08-28 12:50:00 keiba.social
2017-08-28 23:23:00 mastodon.beerfactory.org
2017-08-29 00:10:00 mastodon.cl
2017-08-29 07:02:00 mdn.hinaloe.net
2017-08-29 07:43:00 mast.eu.org
2017-08-29 12:54:00 aruk.as
2017-08-30 00:02:00 mastodon.snowandtweet.jp
2017-08-30 01:02:00 photodn.net
2017-08-30 03:00:00 rikadon.club
2017-08-30 03:32:00 social.ballpointcarrot.net
2017-08-30 04:00:00 mastodon.applest.net
2017-08-30 04:00:00 mastodon.burnworks.com
2017-08-30 04:00:00 natudon-fishing.net
2017-08-30 04:00:00 natudon-outdoor.net
2017-08-30 04:00:00 shigezen.com
2017-08-30 04:01:00 3dcgdon.net
2017-08-30 04:01:00 akitadon.info
2017-08-30 04:01:00 ashikaga.link
2017-08-30 04:01:00 babuu.club
2017-08-30 04:01:00 botdon.net
2017-08-30 04:01:00 chizai.cafe
2017-08-30 04:01:00 cookdon.com
2017-08-30 04:01:00 currydon.com
2017-08-30 04:01:00 dhtls.net
2017-08-30 04:01:00 domdom.tokyo
2017-08-30 04:01:00 donsuke.biz
2017-08-30 04:01:00 dramadon.net
2017-08-30 04:01:00 eizodon.jp
2017-08-30 04:01:00 fullstackgeek.tech
2017-08-30 04:01:00 fx-don.net
2017-08-30 04:01:00 golfdn.com
2017-08-30 04:01:00 hakuhodon.com
2017-08-30 04:01:00 hamamyu.jp
2017-08-30 04:01:00 hsj.life
2017-08-30 04:01:00 i-n-t-e-r-n-e-t-2-0-0-0.net
2017-08-30 04:01:00 ishikaridon.jp
2017-08-30 04:01:00 kabudon.jp
2017-08-30 04:01:00 kirby-fans.com
2017-08-30 04:01:00 kitadon.com
2017-08-30 04:01:00 kmmtn.com
2017-08-30 04:01:00 kpodon.jp
2017-08-30 04:01:00 kpopjp.net
2017-08-30 04:01:00 krsymstdn.jp
2017-08-30 04:01:00 kyureki.jp
2017-08-30 04:01:00 mangadon.net
2017-08-30 04:01:00 masatodon.com
2017-08-30 04:01:00 mastodon.training
2017-08-30 04:01:00 mikado-city.jp
2017-08-30 04:01:00 mimumedon.com
2017-08-30 04:01:00 mstdn-off.com
2017-08-30 04:01:00 mstdn-tw.com
2017-08-30 04:01:00 mstdn18.jp
2017-08-30 04:01:00 myd.kyoto.jp
2017-08-30 04:01:00 nicodon.jp
2017-08-30 04:01:00 nijiato.nagoya
2017-08-30 04:01:00 pkkm.me
2017-08-30 04:01:00 pteranodon.net
2017-08-30 04:01:00 saitama-stdn.com
2017-08-30 04:01:00 sakoku.jp
2017-08-30 04:01:00 satocc.biz
2017-08-30 04:01:00 senridon.com
2017-08-30 04:01:00 shigyoudon.jp
2017-08-30 04:01:00 shimokita.social
2017-08-30 04:01:00 shintarokurachi.tokyo
2017-08-30 04:01:00 startup-mstdn.com
2017-08-30 04:01:00 tsuruga.net
2017-08-30 04:01:00 urawareds.org
2017-08-30 04:01:00 yakyudon.net
2017-08-30 04:01:00 yooidon.jp
2017-08-30 04:01:00 yudetarou.club
2017-08-30 04:02:00 akibadon.com
2017-08-30 04:02:00 eigadon.net
2017-08-30 04:02:00 gyudon.live
2017-08-30 04:02:00 latedon.sui-hei.net
2017-08-30 04:02:00 maltdn.com
2017-08-30 04:02:00 mastdn.jp
2017-08-30 04:02:00 matchdon.com
2017-08-30 04:02:00 p-worldon.com
2017-08-30 04:02:00 ramendon.jp
2017-08-30 04:02:00 vocalomakets.jp
2017-08-30 04:03:00 mastonon.net
2017-08-30 04:51:00 7144.party
2017-08-30 07:25:00 carnit.as
2017-08-30 13:10:00 mstdn.noritsuna.jp
2017-08-30 16:36:00 twingyeo.kr
2017-08-30 18:52:00 gender.town
2017-08-30 22:26:00 koyuston.tk
2017-08-30 23:50:00 w3c.social
2017-08-31 05:45:00 mstdn.nemsia.org
2017-08-31 15:17:00 adney.land
2017-08-31 18:37:00 social.lou.lt
2017-08-31 20:43:00 audiophile-mastodon.com
2017-08-31 23:52:00 mastodon.matcha-soft.com
2017-09-01 00:06:00 mastodon.teamblackberry.jp
2017-09-01 06:26:00 social.atypique.net
2017-09-01 06:50:00 deep-learning.site
2017-09-01 06:50:00 learn-english.site
2017-09-01 06:57:00 nodotsam.xyz
2017-09-01 06:58:00 mastodon.kawaiyume.net
2017-09-01 08:26:00 mastodon.tetaneutral.net
2017-09-01 08:50:00 social.apreslanu.it
2017-09-01 11:50:00 social.targaryen.house
2017-09-01 13:04:00 mstdn.haoyayoi.net
2017-09-01 15:35:00 mstdn.intmax.jp
2017-09-01 16:34:00 plasticmodels.tokyo
2017-09-01 16:44:00 575don.club
2017-09-01 17:36:00 mstdn.barippi.com
2017-09-01 23:48:00 theferret.social
2017-09-02 02:41:00 social.jdiez.me
2017-09-02 06:11:00 social.snargol.com
2017-09-02 08:08:00 webcommunity.club
2017-09-02 11:59:00 mstdn.lyker.jp
2017-09-02 14:03:00 hex.bz
2017-09-02 16:30:00 social.linss.com
2017-09-03 06:44:00 mastodon.migennes.net
2017-09-03 08:04:00 mastodon.9net.org
2017-09-03 08:26:00 social.devio.us
2017-09-03 10:34:00 scotland.computer
2017-09-03 14:44:00 boitam.eu
2017-09-03 14:55:00 ostatus.renken.is
2017-09-03 15:17:00 mastodon.papey.fr
2017-09-03 18:08:00 shelter.moe
2017-09-03 18:30:00 mastodon.technosorcery.net
2017-09-03 20:27:00 cybre.space
2017-09-04 07:00:00 mamot.fr
2017-09-04 08:17:00 tinnies.club
2017-09-04 08:24:00 mastodon.patallan.com.au
2017-09-04 08:55:00 ca-os.com
2017-09-04 09:01:00 mstdn.i-red.info
2017-09-04 11:00:00 kosmos.social
2017-09-04 12:27:00 social.paddlefish.net
2017-09-04 15:11:00 gaven.social
2017-09-04 16:12:00 fucktodon.tokyo
2017-09-04 18:35:00 ohai.su
2017-09-04 19:52:00 mastodon.tedomum.net
2017-09-05 00:18:00 mastodon.vlntn.pw
2017-09-05 06:50:00 mastodon.gougere.fr
2017-09-05 08:48:00 betterletter.io
2017-09-05 14:28:00 quimas.work
2017-09-05 16:30:00 social.csswg.org
2017-09-05 19:28:00 unixcorn.xyz
2017-09-06 00:55:00 m.pref.yokohama
2017-09-06 06:50:00 fo0bar.org
2017-09-06 08:04:00 rich.gop
2017-09-06 09:40:00 sldon.jp
2017-09-06 09:43:00 mstdn.serv-ops.com
2017-09-06 12:14:00 fido.stephenbasile.com
2017-09-06 12:16:00 t.con.sh
2017-09-06 18:01:00 quizdon.com
2017-09-06 19:08:00 mstdn.taiyaki.online
2017-09-06 19:30:00 gamejam.site
2017-09-06 21:06:00 mdx.ggtea.org
2017-09-06 22:11:00 mstdn.juvenesco.eu
2017-09-07 03:44:00 social.strog.org
2017-09-07 05:03:00 social.imchip.be
2017-09-07 06:11:00 bonn.social
2017-09-07 06:26:00 chitter.xyz
2017-09-07 08:24:00 party.personal.pizza
2017-09-07 10:07:00 mastodon.jonleibowitz.com
2017-09-07 17:26:00 social.nasqueron.org
2017-09-07 18:40:00 social.depertat.net
2017-09-07 20:44:00 mastodon.ar.al
2017-09-07 23:37:00 mstdn.glorificatio.org
2017-09-08 03:26:00 mastodon.sportsfans.social
2017-09-08 06:22:00 framapiaf.org
2017-09-08 06:23:00 mastodon.yoyo.org
2017-09-08 09:44:00 mastodon.jamesmwright.com
2017-09-08 11:25:00 mastodon.kitamurakz.com
2017-09-08 18:30:00 apoil.org
2017-09-08 19:14:00 nagoyadon.jp
2017-09-08 23:07:00 mastodon.lachman.tk
2017-09-09 07:36:00 social.troll.academy
2017-09-09 08:18:00 mastodon.transneptune.net
2017-09-09 08:43:00 botsin.space
2017-09-09 12:47:00 mastodon.acc.umu.se
2017-09-09 14:01:00 nsfw.finance
2017-09-09 14:12:00 cn.tootist.net
2017-09-09 14:21:00 edgefire.sytes.net
2017-09-09 18:54:00 fr.osm.social
2017-09-09 20:16:00 mastodon.scot
2017-09-09 22:15:00 gamba.osaka.jp
2017-09-09 23:52:00 toot.aquilenet.fr
2017-09-10 06:01:00 tutut.delire.party
2017-09-10 06:02:00 mastodon.rainbownerds.de
2017-09-10 06:18:00 social.svallee.fr
2017-09-10 06:37:00 lou.lt
2017-09-10 06:46:00 mstdn.nl
2017-09-10 07:45:00 yoshis.woolly.world
2017-09-10 09:04:00 mastodon.nzoss.nz
2017-09-10 09:48:00 hatabowyou.club
2017-09-10 10:31:00 social.weho.st
2017-09-10 10:33:00 corrigan.moe
2017-09-10 14:36:00 toot.love
2017-09-10 18:16:00 amicale.net
2017-09-10 20:01:00 is.a.qute.dog
2017-09-10 22:23:00 social.pretzlaff.co
2017-09-10 22:32:00 mastodon.zeguigui.com
2017-09-11 05:06:00 m.geraffel.net
2017-09-11 09:51:00 social.backtick.town
2017-09-11 11:11:00 mstdn.poyo.me
2017-09-11 13:01:00 chaos.social
2017-09-11 18:53:00 masto.pt
2017-09-11 20:32:00 witches.town
2017-09-11 21:00:00 mastodon.rocks
2017-09-11 21:13:00 mstdn.mochiwasa.xyz
2017-09-11 22:31:00 mastodon.homeip.net
2017-09-11 22:41:00 precure.ml
2017-09-11 22:49:00 mastodon.club
2017-09-11 23:00:00 mstdn.misosi.ru
2017-09-11 23:05:00 mstdn.jp
2017-09-11 23:13:00 www.mstddntfdn.online
2017-09-12 00:40:00 maly.io
2017-09-12 00:42:00 status.dissidence.ovh
2017-09-12 02:22:00 cksv.jp
2017-09-12 02:48:00 mastodon.cc
2017-09-12 03:00:00 delusion.ariela.jp
2017-09-12 03:07:00 mstdn.hakai-macaron.com
2017-09-12 06:45:00 mastodonti.co
2017-09-12 07:08:00 mstdn.gaijinsize.com
2017-09-12 09:15:00 mast.moe
2017-09-12 09:38:00 toot.cafe
2017-09-12 12:07:00 mastodon.zenfolie.org
2017-09-12 12:25:00 mstdn.firstforest.jp
2017-09-12 12:43:00 masto.ninja
2017-09-12 12:52:00 social.celabs.com
2017-09-12 14:44:00 mastodon.dereferenced.org
2017-09-12 14:55:00 slime.global
2017-09-12 18:54:00 bibeogaem.zone
2017-09-12 19:58:00 mammut.space
2017-09-13 01:23:00 mastodon.evolix.org
2017-09-13 01:44:00 resipsa.social
2017-09-13 05:39:00 techn.ical.ist
2017-09-13 06:11:00 pouet.meutel.net
2017-09-13 06:32:00 tooting.intensifi.es
2017-09-13 08:01:00 computerfairi.es
2017-09-13 08:04:00 minidon.bacardi55.org
2017-09-13 08:24:00 mstdn.nametaketakewo.net
2017-09-13 08:25:00 mast.tokyo
2017-09-13 08:26:00 mstdn.techdrive.top
2017-09-13 08:27:00 mastodon.zunda.ninja
2017-09-13 08:27:00 ostatus.axross.io
2017-09-13 08:31:00 mstdn.nakayuki.net
2017-09-13 10:36:00 mstdn.toaruhetare.net
2017-09-13 10:36:00 mstdn.ytgrsua4.net
2017-09-13 11:13:00 orlando.community
2017-09-13 13:09:00 schuppentier.org
2017-09-13 16:25:00 society.oftrolls.com
2017-09-13 20:45:00 social.conglomer.net
2017-09-13 22:42:00 mastodon.sngsk.info
2017-09-13 22:51:00 toot.gibberfish.org
2017-09-13 22:54:00 himastdon.club
2017-09-13 23:00:00 chiya.moe
2017-09-13 23:00:00 mstdn.yuyat.jp
2017-09-14 00:47:00 toot-lab.reclaim.technology
2017-09-14 01:53:00 mastodon.kebree.fr
2017-09-14 03:07:00 social.nah.re
2017-09-14 04:43:00 rubber.social
2017-09-14 06:53:00 mastodon.starrevolution.org
2017-09-14 08:01:00 kinky.business
2017-09-14 08:38:00 gonext.gg
2017-09-14 09:47:00 mastodonte.me
2017-09-14 12:31:00 oulipo.social
2017-09-14 19:00:00 m.sl-network.fr
2017-09-14 23:01:00 ostatus.yajamon.xyz
2017-09-15 00:06:00 mstdn.okumin.com
2017-09-15 00:27:00 mstdn.b-shock.org
2017-09-15 13:40:00 mastodon.co.nz
2017-09-15 14:23:00 socialtuna.net
2017-09-15 18:19:00 mstdn.dyndns.org
2017-09-15 19:22:00 toot.yukimochi.jp
2017-09-15 20:09:00 gdrsocial.it
2017-09-15 20:13:00 mastodon.poker
2017-09-15 23:00:00 social.myconan.net
2017-09-16 00:00:00 moar.wine
2017-09-16 01:29:00 mementomori.space
2017-09-16 02:21:00 mastodon.qowala.org
2017-09-16 03:04:00 otajodon.com
2017-09-16 03:12:00 mammouth.inframed.net
2017-09-16 03:13:00 mstdn.kanagu.info
2017-09-16 05:47:00 mstdn.neigepluie.net
2017-09-16 06:11:00 friloux.me
2017-09-16 06:15:00 pouet.chouech.org
2017-09-16 06:51:00 un.lobi.to
2017-09-16 06:53:00 mastodon.etalab.gouv.fr
2017-09-16 20:57:00 mustardon.tokyo
2017-09-16 21:00:00 bcn-users.degica.com
2017-09-16 21:17:00 mastodon.weaponvsac.space
2017-09-16 23:21:00 mastodoom.social
2017-09-17 01:30:00 ostatus.isidai.com
2017-09-17 02:30:00 mstdn.otofu.xyz
2017-09-17 03:49:00 sunshinegardens.org
2017-09-17 04:55:00 tusk.schoollibraries.net
2017-09-17 06:50:00 tusk.what.re
2017-09-17 08:16:00 lovelive-anime.tk
2017-09-17 10:31:00 mastodon.internot.no
2017-09-17 10:31:00 social.java.nrw
2017-09-17 11:42:00 mayodon.club
2017-09-17 15:19:00 mastodon.scoffoni.net
2017-09-17 16:32:00 social.numerama.com
2017-09-17 17:07:00 august-don.site
2017-09-17 18:00:00 social.oupsman.fr
2017-09-17 18:15:00 mastodon.coffee
2017-09-17 18:56:00 cafe.des-blogueurs.org
2017-09-17 19:15:00 yso.pet
2017-09-17 20:20:00 nrd.li
2017-09-17 20:46:00 toot.tzim.net
2017-09-17 22:42:00 don.wakamesoba98.net
2017-09-18 00:38:00 masto.fdlibre.eu
2017-09-18 01:23:00 m4570.xyz
2017-09-18 08:27:00 elephant.bike
2017-09-18 12:04:00 cmu.party
2017-09-18 13:18:00 coales.co
2017-09-18 19:36:00 social.tedkulp.com
2017-09-18 22:09:00 occitanie.social
2017-09-18 23:04:00 ostatus.shade3d.jp
2017-09-18 23:28:00 mastodon.yokohama
2017-09-18 23:32:00 mamout.xyz
2017-09-19 03:15:00 resistodon.com
2017-09-19 06:24:00 39sounds.net
2017-09-19 06:24:00 mastodon.2502.net
2017-09-19 08:30:00 kirapower.ichigo-hoshimiya.com
2017-09-19 11:38:00 mastodon.horde.net.br
2017-09-19 13:22:00 mstdn.mx
2017-09-19 14:11:00 tootplanet.space
2017-09-19 15:09:00 mastodon.juggler.jp
2017-09-19 18:42:00 mathstodon.xyz
2017-09-19 21:53:00 toot.berlin
2017-09-19 22:03:00 toot.lmorchard.com
2017-09-19 23:16:00 social.nervestaple.com
2017-09-20 01:12:00 mastodon.crazynewworld.net
2017-09-20 01:17:00 japaon.cf
2017-09-20 04:01:00 anti.energy
2017-09-20 06:30:00 status.bcarlin.net
2017-09-20 10:35:00 raccoon.network
2017-09-20 12:49:00 fudanshi.org
2017-09-20 15:17:00 social.rbs.io
2017-09-20 18:36:00 mastodon.gnieh.org
2017-09-20 19:10:00 social.alex73630.xyz
2017-09-21 02:05:00 mastodon.mfjt.jp
2017-09-21 06:02:00 mastodon.linuxquimper.org
2017-09-21 08:48:00 don.rabbit-house.me
2017-09-21 09:33:00 vulpine.club
2017-09-21 10:35:00 bark.zer0xff.com
2017-09-21 13:42:00 mastodon.eastback.co.jp
2017-09-21 22:03:00 mastodon.peshane.net
2017-09-21 23:21:00 mstdn-workers.com
2017-09-22 00:24:00 mstdn.io
2017-09-22 05:01:00 mastodon.103.ms
2017-09-22 05:01:00 mastodon.kakunpc.com
2017-09-22 05:02:00 madomadon.net
2017-09-22 05:06:00 moe.neon.moe
2017-09-22 06:51:00 wsup.social
2017-09-22 08:01:00 hckr.no
2017-09-22 09:27:00 toot.matereal.eu
2017-09-22 09:57:00 nerds.party
2017-09-22 10:02:00 hostux.social
2017-09-22 10:35:00 photog.social
2017-09-22 11:43:00 m.u7fa9.org
2017-09-22 11:59:00 mastodon.on-o.com
2017-09-22 15:50:00 mstdn.monster-girl.homelinux.net
2017-09-22 19:44:00 masto.se
2017-09-22 21:10:00 tooter.fr
2017-09-22 22:14:00 oreka.online
2017-09-22 23:00:00 mr.am
2017-09-22 23:32:00 social.otya.me
2017-09-23 02:11:00 mastodon.centiworks.com
2017-09-23 02:39:00 m.socialjustice.engineering
2017-09-23 05:00:00 blackice.online
2017-09-23 05:22:00 mastodon.codingfield.com
2017-09-23 05:34:00 social.glados.ch
2017-09-23 06:25:00 mellified.men
2017-09-23 08:00:00 trunk.mad-scientist.club
2017-09-23 08:24:00 don.akashi.cloud
2017-09-23 08:32:00 xmstdn.com
2017-09-23 09:34:00 otoya.space
2017-09-23 10:51:00 jitakudon.com
2017-09-23 17:12:00 mstdn.taiha.net
2017-09-23 17:12:00 teo.taiha.net
2017-09-23 21:01:00 mstdn.nagasaki.jp
2017-09-23 22:17:00 toot.tibidoo.com
2017-09-24 05:44:00 anitwitter.moe
2017-09-24 06:02:00 aleph.land
2017-09-24 08:04:00 inari.opencocon.org
2017-09-24 08:47:00 masatodon.click
2017-09-24 09:35:00 bms.stoicsounds.jp
2017-09-24 12:55:00 gensokyo.cloud
2017-09-24 14:09:00 st.3ends.info
2017-09-24 16:45:00 bne.social
2017-09-24 18:35:00 wellness.so
2017-09-24 20:32:00 social.noisyspot.jp
2017-09-24 21:08:00 otogamer.me
2017-09-24 23:53:00 mastodon.zaclys.com
2017-09-24 23:59:00 md.ggtea.org
2017-09-25 00:01:00 mastodon.p2pquake.net
2017-09-25 01:23:00 mastodon.at
2017-09-25 02:08:00 sdmesh.social
2017-09-25 02:37:00 gelt.cz
2017-09-25 05:01:00 toot.krinetzki.de
2017-09-25 08:45:00 toot.redmine.jp
2017-09-25 09:13:00 capitalism.party
2017-09-25 11:05:00 mastodon.noraworld.jp
2017-09-25 16:53:00 mastodon.expert
2017-09-25 17:24:00 meow.social
2017-09-25 20:15:00 pouet.couchet.org
2017-09-25 20:40:00 mammout.bzh
2017-09-25 22:49:00 pso2.club
2017-09-26 00:44:00 home.aqraf.tokyo
2017-09-26 00:56:00 mstdn.tinko.club
2017-09-26 02:04:00 social.lasanha.org
2017-09-26 02:11:00 angel.innolan.net
2017-09-26 04:17:00 social.taker.fr
2017-09-26 07:05:00 mastodon.in.ua
2017-09-26 13:07:00 toot.works
2017-09-26 15:30:00 mstdn.maud.io
2017-09-26 20:15:00 mstdn-jp.site
2017-09-26 20:16:00 mastodon.cgx.me
2017-09-26 22:42:00 mastodon.thegraveyard.org
2017-09-27 01:00:00 pochi46.com
2017-09-27 02:13:00 mstdn.myzkstr.tech
2017-09-27 04:44:00 miaou.drycat.fr
2017-09-27 08:03:00 mastodon.oeru.org
2017-09-27 13:48:00 funfunmstdn.tokyo
2017-09-27 13:51:00 mstdn.ernix.jp
2017-09-27 18:26:00 don.msng.info
2017-09-27 18:45:00 mastodon.kujiu.org
2017-09-27 19:13:00 mastodon.mnetwork.co.kr
2017-09-27 20:06:00 functional.cafe
2017-09-27 20:14:00 homex.bounceme.net
2017-09-27 20:33:00 mastodon.sandwich.net
2017-09-27 21:09:00 animedon.tk
2017-09-28 04:32:00 reseau.education
2017-09-28 06:28:00 social.d0p1.eu
2017-09-28 10:33:00 yukari.cloud
2017-09-28 10:54:00 from.komic.eu
2017-09-28 14:03:00 magi.systems
2017-09-28 16:23:00 fur.cloud
2017-09-28 20:01:00 ecodigital.social
2017-09-28 21:48:00 equestria.social
2017-09-28 22:50:00 dolphin.town
2017-09-28 23:00:00 ipv6.social.konosuke.jp
2017-09-28 23:00:00 social.konosuke.jp
2017-09-28 23:12:00 durel.org
2017-09-28 23:13:00 mastodoll.net
2017-09-28 23:48:00 mst.ongstar.jp
2017-09-29 00:01:00 subculdon.com
2017-09-29 00:02:00 mastodon.fu-jp.net
2017-09-29 00:02:00 mstdncafe.com
2017-09-29 00:30:00 mstdn.zuyadon.tk
2017-09-29 01:00:00 mstdn.seitaro.me
2017-09-29 01:34:00 toot.oekaki.st
2017-09-29 02:26:00 mastodon.blue
2017-09-29 04:00:00 mediadon.jp
2017-09-29 04:03:00 vkdn.jp
2017-09-29 04:40:00 mastodon.gifclip.info
2017-09-29 05:02:00 social.petko.me
2017-09-29 06:02:00 mstdn.fy.to
2017-09-29 06:04:00 mastodon.social
2017-09-29 06:05:00 social.nassi.me
2017-09-29 07:01:00 mastodon.rock-hosting.net
2017-09-29 07:47:00 mastodon.technology
2017-09-29 08:01:00 mstdn.cafe
2017-09-29 08:01:00 yontengop.com
2017-09-29 08:04:00 igouv.fr
2017-09-29 08:15:00 mel.social
2017-09-29 08:31:00 fgo.geekdon.jp
2017-09-29 09:01:00 tgp.jp
2017-09-29 09:16:00 novelist.nagoya
2017-09-29 09:41:00 mstdn.ht164.jp
2017-09-29 11:13:00 cocoronavi.net
2017-09-29 13:01:00 securitymastod.one
2017-09-29 13:30:00 status.pointless.one
2017-09-29 14:58:00 mstdn.gots9713.xyz
2017-09-29 15:01:00 physi.cc
2017-09-29 15:14:00 mstdn.soysoftware.net
2017-09-29 17:04:00 mstdn.sanin.link
2017-09-29 19:19:00 mastodon.hugopoi.net
2017-09-29 21:50:00 mastodon.unfollow.today
2017-09-29 22:34:00 social.hyuki.net
2017-09-29 22:41:00 octodon.social
2017-09-29 23:22:00 bitcoinadon.social
2017-09-30 02:07:00 neko.pics
2017-09-30 04:01:00 carma.red
2017-09-30 06:06:00 interfesse.net
2017-09-30 07:00:00 mastodon.fishing
2017-09-30 09:46:00 social.diskseven.com
2017-09-30 12:00:00 redwombat.social
2017-09-30 13:53:00 mopped.space
2017-09-30 13:58:00 mastodon.hasameli.com
2017-09-30 18:14:00 mstdn.yjsnpi.nu
2017-09-30 18:58:00 mental.social
2017-09-30 21:20:00 mastodon.muage.org
2017-09-30 22:10:00 s.neguse.net
2017-09-30 22:27:00 mastodon.xyz
2017-10-01 00:00:00 mstdn.media-trust.com
2017-10-01 00:42:00 risingsun.red
2017-10-01 04:35:00 baraag.net
2017-10-01 04:35:00 chibi.kemo.no
2017-10-01 04:36:00 kitty.town
2017-10-01 04:36:00 kurakake.net
2017-10-01 04:36:00 livers.jp
2017-10-01 04:36:00 mastodon.randulo.com
2017-10-01 04:36:00 matitodon.com
2017-10-01 04:37:00 mofu.kemo.no
2017-10-01 04:37:00 mstdn.chordwiki.org
2017-10-01 04:37:00 mstdn.fujii-yuji.net
2017-10-01 04:37:00 mstdn.trashkids.org
2017-10-01 04:37:00 nice.toote.rs
2017-10-01 04:38:00 ofuton.io
2017-10-01 04:38:00 persadon.com
2017-10-01 04:38:00 torontomusic.cloud
2017-10-01 04:38:00 wowsdon.xyz
2017-10-01 05:36:00 social.lkw.tf
2017-10-01 07:35:00 voe.social
2017-10-01 07:43:00 chabant.social
2017-10-01 08:47:00 frootmig.net
2017-10-01 11:01:00 social.qunagi.net
2017-10-01 13:37:00 mstdn.cf
2017-10-01 14:18:00 dancingbanana.party
2017-10-01 17:53:00 don.tacostea.net
2017-10-01 21:45:00 ika.moe
2017-10-01 21:54:00 social.tcit.fr
2017-10-01 21:59:00 hackers.town
2017-10-01 22:45:00 lethar.gy
2017-10-01 23:37:00 toot.cat
2017-10-01 23:57:00 catholicism.rocks
2017-10-02 00:01:00 cmpwn.com
2017-10-02 05:08:00 noupti.me
2017-10-02 05:16:00 bapp.me
2017-10-02 07:57:00 infosec.exchange
2017-10-02 09:02:00 tiny.tilde.website
2017-10-02 10:37:00 mstdn.onosendai.jp
2017-10-02 11:38:00 urvogel.club
2017-10-02 11:41:00 www.nekotodon.com
2017-10-02 11:52:00 mstdn.hanabi-life.net
2017-10-02 12:41:00 icosahedron.website
2017-10-02 12:54:00 thepractice.space
2017-10-02 13:31:00 m6n.onsen.tech
2017-10-02 15:05:00 spanner.works
2017-10-02 15:06:00 social.etc-services.de
2017-10-02 16:12:00 mastodon.roflcopter.fr
2017-10-02 17:13:00 mi.pede.rs
2017-10-02 18:17:00 ecurie.social
2017-10-02 18:27:00 mastodon.partipirate.org
2017-10-02 18:31:00 mstdn.roli.io
2017-10-02 19:05:00 mstdn.kwmr.me
2017-10-02 19:59:00 masto.quad.moe
2017-10-02 20:10:00 mastodon.hackerlab.fr
2017-10-02 20:27:00 oc.todon.fr
2017-10-02 21:36:00 ery.kr
2017-10-02 21:49:00 social.adlerweb.info
2017-10-03 00:07:00 mastoton.fi
2017-10-03 00:49:00 darksocial.party
2017-10-03 02:12:00 mastodon.minicube.net
2017-10-03 02:15:00 mastodon.motcha.tech
2017-10-03 02:56:00 teamtk.eu
2017-10-03 03:10:00 social.logilab.org
2017-10-03 05:22:00 ostatus.taiyolab.com
2017-10-03 09:36:00 7nw.eu
2017-10-03 18:13:00 mastodon.indie.host
2017-10-03 20:39:00 eunivers.social
2017-10-03 21:16:00 mstdn.beer
2017-10-03 21:46:00 social.paco.to
2017-10-03 23:08:00 don.ekesete.net
2017-10-04 01:03:00 www.mofgao.space
2017-10-04 01:10:00 darkrose.threshold-zero.com
2017-10-04 01:15:00 niu.moe
2017-10-04 01:23:00 s.maximeborg.es
2017-10-04 02:30:00 freeradical.zone
2017-10-04 02:47:00 diaspodon.fr
2017-10-04 03:46:00 masto.themimitoof.fr
2017-10-04 04:09:00 oldbytes.space
2017-10-04 04:41:00 share.elouworld.org
2017-10-04 06:09:00 mas.home.monsiteinternet.org
2017-10-04 06:36:00 mastodon.lertsenem.com
2017-10-04 07:49:00 t.d65.xyz
2017-10-04 08:56:00 trickle.ink
2017-10-04 08:59:59 m.v.nu
2017-10-04 09:28:00 tvdon.rt-trend.jp
2017-10-04 10:52:00 freehold.earth
2017-10-04 12:27:00 masto.fslhome.org
2017-10-04 13:52:00 masto.svnet.fr
2017-10-04 16:41:00 mastodon.host
2017-10-04 17:39:00 social.touha.me
2017-10-04 18:14:00 m.g3l.org
2017-10-04 18:19:00 mastodon.savikin.me
2017-10-04 18:44:00 m.sixfoisneuf.fr
2017-10-04 21:24:00 mstdn.madpainter.info
2017-10-04 22:00:00 brrrt.eu
2017-10-04 23:31:00 comm.cx
2017-10-04 23:48:00 tekkadan.me
2017-10-05 00:46:00 christodon.com
2017-10-05 00:49:00 social.mastodon.com.au
2017-10-05 00:51:00 mastodon.aventer.biz
2017-10-05 01:10:00 metal.odon.space
2017-10-05 05:59:00 xoxo.zone
2017-10-05 07:24:00 tusk.social
2017-10-05 10:20:00 mastodon.pirateparty.be
2017-10-05 12:02:00 soc.ialis.me
2017-10-05 16:26:00 social.spiwit.net
2017-10-05 17:23:00 pachyder.me
2017-10-05 19:56:00 mastodon.hexaly.se
2017-10-05 20:30:00 sns.gdgd.jp.net
2017-10-05 20:56:00 mastodon.hakoai.com
2017-10-05 21:41:00 im.notreal.pw
2017-10-05 22:39:00 mastodon.lu
2017-10-06 00:13:00 todon.nl
2017-10-06 02:26:00 mastodon.ftfl.ca
2017-10-06 07:24:00 kakudon.com
2017-10-06 08:26:00 spooky.pizza
2017-10-06 08:43:00 masto.dog
2017-10-06 10:13:00 atomicfridge.net
2017-10-06 15:09:00 mstdnsrv.moe.hm
2017-10-06 15:11:00 ro-mastodon.puyo.jp
2017-10-06 15:53:00 darkgeek.city
2017-10-06 16:19:00 mstdn.moe-max.jp
2017-10-06 16:20:00 mstdn.cosplayer.com
2017-10-06 18:13:00 mastodon.u4u.org
2017-10-06 19:16:00 mastodon.medieval.jp
2017-10-06 21:07:00 pouet.apdu.fr
2017-10-06 21:19:00 wogan.im
2017-10-06 21:39:00 mastodon.machique.st
2017-10-06 21:53:00 chofudon.tokyo
2017-10-07 03:28:00 a.weirder.earth
2017-10-07 05:19:00 mstdn.niigata.jp
2017-10-07 08:08:00 m.sighash.info
2017-10-07 09:55:00 toot.kashishokunin.com
2017-10-07 12:44:00 mastodon.cemea.org
2017-10-07 22:09:00 pouet.dachary.org
2017-10-07 22:15:00 mstdn.wildtree.jp
2017-10-07 23:08:00 mastodon.opportunis.me
2017-10-07 23:33:00 s.brined.fish
2017-10-08 01:12:00 mstd.tokyo
2017-10-08 02:35:00 mstdn.dank.software
2017-10-08 02:42:00 mastodonfrance.com
2017-10-08 03:09:00 pouets.ovh
2017-10-08 04:05:00 social.devloprog.org
2017-10-08 06:08:00 ieji.de
2017-10-08 08:31:00 scuba.masdon.life
2017-10-08 08:33:00 mstdn.cktec.net
2017-10-08 09:13:00 simstim.club
2017-10-08 10:32:00 mstdn.golf
2017-10-08 11:15:00 mstdn-bike.net
2017-10-08 12:58:00 mstdn-kanazawa.jp
2017-10-08 17:12:00 imaginair.es
2017-10-08 17:12:00 social.wxcafe.net
2017-10-08 17:25:00 mastodon.dremtech.fr
2017-10-08 18:06:00 mastodon.bitbank.cc
2017-10-08 19:33:00 mastodon.e217.net
2017-10-08 20:55:00 tokamstdn.jp
2017-10-08 21:02:00 mstdn.felice.biz
2017-10-08 21:02:00 mstdn.felice.biz.
2017-10-08 21:07:00 real-escape.jp
2017-10-08 21:42:00 lfsr.net
2017-10-08 22:12:00 banthamilk.blue
2017-10-08 22:12:00 creativity.cafe
2017-10-08 22:12:00 glamdon.com
2017-10-08 22:12:00 mastodon.latransition.org
2017-10-08 22:23:00 writing.exchange
2017-10-08 22:35:00 mastodon.casoetto.net
2017-10-09 01:15:00 noagendasocial.com
2017-10-09 01:17:00 mastodon.zombocloud.com
2017-10-09 01:23:00 tenforward.social
2017-10-09 01:35:00 loutre.info
2017-10-09 02:16:00 social.noff.co
2017-10-09 02:35:00 clacks.link
2017-10-09 05:21:00 mastodon.top
2017-10-09 06:40:00 manhole.club
2017-10-09 07:00:00 mstdn.fr
2017-10-09 08:01:00 g0v.social
2017-10-09 08:15:00 insolente.im
2017-10-09 12:24:00 mastodon.le-palantir.com
2017-10-09 12:58:00 mstdn.blue
2017-10-09 13:53:00 under-bank.blue
2017-10-09 15:36:00 social.alifein.tech
2017-10-09 15:46:00 m.plop.cc
2017-10-09 16:27:00 m.uncate.org
2017-10-09 21:18:00 masto.io
2017-10-09 21:29:00 mn.kitetu.com
2017-10-09 22:58:00 mstdn.bizocean.co.jp
2017-10-09 23:57:00 doll.social
2017-10-10 00:20:00 oransns.com
2017-10-10 01:17:00 awoo.space
2017-10-10 02:35:00 m.okadajp.org
2017-10-10 03:41:00 mrt.al
2017-10-10 04:08:00 doug.computer
2017-10-10 04:56:00 mastodon.survival-machines.fr
2017-10-10 09:12:00 selfy.army
2017-10-10 09:22:00 mstdn.ibaraki.jp
2017-10-10 12:45:00 mastodon.sdf.org
2017-10-10 13:19:00 mstdn.awa.sfc.keio.ac.jp
2017-10-10 14:07:00 mastdon.amazedkoumei.com
2017-10-10 14:09:00 mastodon.shuuten.org
2017-10-10 14:34:00 kerokero.rororo.xyz
2017-10-10 17:56:00 mastodon.izzz.fr
2017-10-10 18:19:00 nicra.fr
2017-10-10 19:46:00 babymetal.party
2017-10-10 22:07:00 mastodon.osaka
2017-10-10 22:41:00 mastodon.sylphid.jp
2017-10-11 00:55:00 niwatoriman.me
2017-10-11 03:20:00 mstdn.studio
2017-10-11 03:51:00 mstdn.imoimo.xyz
2017-10-11 04:04:00 dumbo.nabago.net
2017-10-11 08:46:00 sldon.com
2017-10-11 09:08:00 tekkadon.manimani.cc
2017-10-11 11:58:00 ekimemo.info
2017-10-11 12:22:00 mstdn.yantene.net
2017-10-11 13:18:00 meemu.org
2017-10-11 13:58:00 chorus.space
2017-10-11 14:04:00 sakaba.space
2017-10-11 15:14:00 mastodon.brussels
2017-10-11 15:35:00 mastodon.mrtino.eu
2017-10-11 15:37:00 mastodon.xsteadfastx.org
2017-10-11 16:33:00 mstdn.masuei.net
2017-10-11 17:40:00 labotadon.net
2017-10-11 17:52:00 mammouth.cafe
2017-10-11 19:06:00 m6n.jp
2017-10-11 19:31:00 mevo.xyz
2017-10-11 19:49:00 mstdn.superspeed-fall.com
2017-10-11 20:17:00 moeism.me
2017-10-11 22:20:00 wandering.shop
2017-10-11 23:56:00 mastodon.ingress-enl.jp
2017-10-12 00:17:00 this.feelslike.life
2017-10-12 00:39:00 socialgame.mstdn.cloud
2017-10-12 00:41:00 z-socialgame.mstdn.cloud
2017-10-12 00:43:00 gamecreate.mstdn.cloud
2017-10-12 01:02:00 mastodon.art
2017-10-12 01:13:00 social.lecker.coffee
2017-10-12 01:48:00 lgbt.io
2017-10-12 08:24:00 hamtter.net
2017-10-12 10:12:00 mastodon.iot.tokyo
2017-10-12 12:37:00 kero.ccsakura.jp
2017-10-12 12:44:00 socially.constructed.space
2017-10-12 14:32:00 mstdn.hokkaido.jp
2017-10-12 14:57:00 mstdn.ropo.jp
2017-10-12 16:58:00 mstdn.oresys.nagoya
2017-10-12 17:20:00 social.gextreme.com
2017-10-12 17:46:00 mstdn.anontown.com
2017-10-12 18:46:00 antisocial.narinimous.fr
2017-10-12 18:48:00 mikumikudance.cloud
2017-10-12 20:10:00 social.kimamass.com
2017-10-12 21:25:00 introvert.party
2017-10-12 22:38:00 sedryk.info
2017-10-12 22:41:00 mstdn.osaka
2017-10-12 23:16:00 ifrit.gaia.ff14-mstdn.xyz
2017-10-13 01:05:00 toot.blue
2017-10-13 03:00:00 solo-outdon.club
2017-10-13 03:54:00 moe.cat
2017-10-13 03:57:00 paoon.club
2017-10-13 04:00:00 djanzu.tokyo
2017-10-13 07:15:00 mastodos.com
2017-10-13 07:15:00 pouet.yolops.net
2017-10-13 08:56:00 mstdn.omaera.org
2017-10-13 14:01:00 mastodon-srv.gq
2017-10-13 14:34:00 mstdn.nere9.help
2017-10-13 17:15:00 dtp-mstdn.jp
2017-10-13 17:53:00 mastodon.lemarchand.io
2017-10-13 18:54:00 engineered.space
2017-10-13 18:58:00 nfg.zone
2017-10-13 20:06:00 mastodon.gargantia.fr
2017-10-13 21:07:00 merkel.social
2017-10-13 21:11:00 social.ponyfrance.net
2017-10-13 21:13:00 eletusk.club
2017-10-13 23:12:00 mastodon.potproject.net
2017-10-14 00:46:00 mstdn.syoriken.org
2017-10-14 01:01:00 mstdn.ipz.jp
2017-10-14 01:11:00 mastodon.diglateam3.com
2017-10-14 01:50:00 toot.pm
2017-10-14 02:05:00 mastodon.wakayama.jp
2017-10-14 02:10:00 musicdn.jp
2017-10-14 04:00:00 mastodon.to
2017-10-14 05:50:00 shigadon.com
2017-10-14 06:30:00 mammut.zasha.style
2017-10-14 09:21:00 mastodon.sean666888.tk
2017-10-14 11:05:00 veah.cocoa.moe
2017-10-14 11:36:00 mastodon.crossfamilyweb.com
2017-10-14 12:19:00 mastodon.nara.jp
2017-10-14 14:33:00 mstdn.idolhack.com
2017-10-14 16:11:00 mstdn.harusamex.com
2017-10-14 16:13:00 x0r.be
2017-10-14 18:01:00 insoumis.social
2017-10-14 18:19:00 social.irrwitz.com
2017-10-14 18:26:00 mastodon.hekki.info
2017-10-14 20:10:00 mstdn.tako774.net
2017-10-14 23:51:00 social.imirhil.fr
2017-10-15 00:11:00 mstdn.guru
2017-10-15 02:03:00 off-the-clock.us
2017-10-15 02:33:00 minimes.hacklab.science
2017-10-15 04:01:00 yukarin.club
2017-10-15 04:44:00 tali.t0k.org
2017-10-15 08:02:00 mastodon.chaosfield.at
2017-10-15 08:56:00 kurage.cc
2017-10-15 10:21:00 oriwebdon.com
2017-10-15 10:45:00 vastodon.com
2017-10-15 11:26:00 jp-mstdn.com
2017-10-15 12:23:00 gunmastodon.com
2017-10-15 13:13:00 horiedon.com
2017-10-15 14:34:00 mastodon.gza.jp
2017-10-15 14:46:00 xn--zck4ad5f2e.jp
2017-10-15 14:55:00 mstdn.neriko.net
2017-10-15 16:15:00 bookwitty.social
2017-10-15 16:38:00 mastodon-lyontech.fr
2017-10-15 16:46:00 mastd.racing
2017-10-15 19:58:00 mastodon.sxpert.org
2017-10-15 20:10:00 mstdn.lalafell.org
2017-10-15 20:16:00 dq10.online
2017-10-15 20:26:00 4com.jp
2017-10-15 20:43:00 mastodon.mpy.ovh
2017-10-15 23:20:00 mastodon.org.uk
2017-10-15 23:28:00 catdon.life
2017-10-15 23:37:00 ffxiv-mastodon.com
2017-10-15 23:37:00 mstdn.kaonikki.tokyo
2017-10-16 00:20:00 spicychicken.club
2017-10-16 00:45:00 m.massy.city
2017-10-16 01:01:00 vapers.jp
2017-10-16 04:17:00 mstdn.dasoran.net
2017-10-16 04:17:00 tablegame.mstdn.cloud
2017-10-16 08:49:00 mastodon.maromaro.co.jp
2017-10-16 09:29:00 mastodon.aquarla.net
2017-10-16 10:16:00 queer.party
2017-10-16 11:06:00 mastodon.cloud
2017-10-16 13:22:00 mstdn.nanamachi.net
2017-10-16 16:18:00 avidol.jp
2017-10-16 17:08:00 siege.rhino.cards
2017-10-16 18:20:00 mstdn.creatorsnight.com
2017-10-16 19:45:00 mstdn.voyage
2017-10-16 20:35:00 mastodon.m0t0k1ch1.com
2017-10-16 20:38:00 mstdn.uec.tokyo
2017-10-16 22:34:00 mstdn-d.info
2017-10-16 23:39:00 biwakodon.com
2017-10-17 00:06:00 social.sitedethib.com
2017-10-17 02:01:00 mi5.jp
2017-10-17 02:10:00 miestodon.com
2017-10-17 03:59:00 mstdn.web4u.jp
2017-10-17 05:44:00 social.allthefallen.ninja
2017-10-17 06:42:00 social.eyraud.net
2017-10-17 08:48:00 sandbox.skoji.jp
2017-10-17 09:57:00 mastodol.jp
2017-10-17 10:05:00 m.pira.jp
2017-10-17 10:23:00 tegedon.net
2017-10-17 10:27:00 mstdn.hyogo.jp
2017-10-17 12:09:00 weaselshit.com
2017-10-17 12:46:00 greylog.ru
2017-10-17 19:22:00 social.vincentux.fr
2017-10-17 20:02:00 yomidon.okinawa
2017-10-17 20:39:00 spacejerk.fr
2017-10-17 21:13:00 social.katarpilar.com
2017-10-17 21:28:00 mastodon.infra.de
2017-10-17 22:20:00 social.infranix.eu
2017-10-17 23:06:00 kaisendon.asmodeus.red
2017-10-18 01:39:00 admins.mstdn.social
2017-10-18 01:39:00 mstdn.social
2017-10-18 02:24:00 kingdown.social
2017-10-18 07:57:00 iamastodon.gifu.jp
2017-10-18 09:01:00 mastodon.moshsh-mate.com
2017-10-18 09:32:00 mastodonchile.club
2017-10-18 11:23:00 aidon.club
2017-10-18 11:52:00 elict.net
2017-10-18 11:57:00 linuxrocks.online
2017-10-18 15:49:00 mastodon.cosmicanimal.jp
2017-10-18 16:10:00 mathtodon.com
2017-10-18 16:52:00 warubure.online
2017-10-18 16:58:00 mastodon.oita.jp
2017-10-18 17:29:00 mastodon.oss.nagoya
2017-10-18 17:34:00 m.loovto.net
2017-10-18 20:16:00 charafre.noela.moe
2017-10-18 22:00:00 castodon.jp
2017-10-18 22:22:00 fanfare.horse
2017-10-18 23:00:00 mastdn.lovesaemi.daemon.asia
2017-10-19 00:40:00 mstdn.klg-tree.jp
2017-10-19 02:41:00 ftb.moe
2017-10-19 07:29:00 flower.afn.social
2017-10-19 13:34:00 obitsudon.midyuki.net
2017-10-19 14:24:00 mastodon.eifelcoworking.space
2017-10-19 14:56:00 toot.forumanalogue.fr
2017-10-19 15:44:00 mastodon.libre-entreprise.com
2017-10-19 16:48:00 mastodon.crazypanda.fr
2017-10-19 18:47:00 masto.raildecake.fr
2017-10-19 20:41:00 mastodon.yuritopia.net
2017-10-19 21:42:00 mastodon.sarkastic.org
2017-10-20 00:46:00 mastodon.bunkerchan.xyz
2017-10-20 02:29:00 mastodon.lavergne.online
2017-10-20 03:00:00 go-newbie.club
2017-10-20 03:53:00 mastodon.sail42.fr
2017-10-20 04:00:00 catdon.jp
2017-10-20 04:00:00 dartsdon.jp
2017-10-20 04:00:00 kabutodon.com
2017-10-20 04:00:00 kurosawa-ruby.xyz
2017-10-20 04:00:00 mastodon-omoshiro.com
2017-10-20 04:00:00 md.yutasan.co
2017-10-20 04:00:00 mstdn-pso2.online
2017-10-20 04:00:00 mstdn-vn.com
2017-10-20 04:00:00 mstdn.mini4wd-engineer.com
2017-10-20 04:00:00 rugdon.fun
2017-10-20 04:00:00 social.48bin.net
2017-10-20 04:01:00 jojomonvr.com
2017-10-20 04:01:00 shadowverse-mstdn.jp
2017-10-20 04:01:00 spacerock.jp
2017-10-20 05:00:00 gigamastodon.com
2017-10-20 06:28:00 toot.ordinarius-fectum.net
2017-10-20 06:35:00 mstdn.goziline.com
2017-10-20 09:40:00 mathtod.online
2017-10-20 15:20:00 janogdon.net
2017-10-20 18:25:00 mstdn.togawa.cs.waseda.ac.jp
2017-10-20 20:20:00 im-in.space
2017-10-20 23:24:00 ostatus.blessedgeeks.org
2017-10-20 23:30:00 ostatus.blessedgeeks.jp
2017-10-20 23:41:00 md.paoon.social
2017-10-21 01:15:00 podcast.style
2017-10-21 02:42:00 mstdn.debate.info-labs.jp
2017-10-21 03:13:00 forexdon.org
2017-10-21 03:14:00 mstdn.fukuoka.jp
2017-10-21 03:38:00 moseisley.club
2017-10-21 03:38:00 queer.town
2017-10-21 03:42:00 shkval.net
2017-10-21 04:13:00 googoldon.net
2017-10-21 04:31:00 mastodon.fyi
2017-10-21 05:39:00 borderline.mooo.info
2017-10-21 05:43:00 cigarcabin.com
2017-10-21 05:47:00 omanko.porn
2017-10-21 07:17:00 chiawase.tokyo
2017-10-21 08:14:20 amnz.jp
2017-10-21 08:51:00 claristdon.net
2017-10-21 12:12:00 gonsphere.tk
2017-10-22 08:59:59 pao.moe
2017-10-23 08:59:59 such.social
2017-10-24 08:59:59 ltu.social
2017-11-08 08:59:59 faux.io
2017-11-14 08:59:59 ediot.social
2017-11-15 08:59:59 porntoot.com
2017-11-17 08:59:59 mastodon.cusae.com
2017-11-24 08:59:59 kirakiratter.com
2017-11-25 08:59:59 social.lafermenumerique.com
2017-11-27 08:59:59 mastodon.nestegg.net
2017-11-28 08:59:59 don.techfeed.io
2017-12-08 08:59:59 social.nofftopia.com
2017-12-13 08:59:59 ranobe.net
2017-12-14 08:59:59 mastodon.stephenson.cc
2017-12-15 08:59:59 gbtdn.tokyo
2017-12-21 08:59:59 mastodon.tokyo
2017-12-23 08:59:59 toot.memtech.website
2017-12-25 08:59:59 somewhy.com
2017-12-27 08:59:59 fern.surgeplay.com
2017-12-29 08:59:59 xn--wmq.jp
2017-12-30 08:59:59 mstdn.yoshimov.com
2017-12-31 08:59:59 mastodon.triofan.com
2018-01-01 08:59:59 basstdn.jp
2018-01-02 08:59:59 k0ta.net
2018-01-02 08:59:59 mastodon.business
2018-01-04 08:59:59 mastodon.desync.net
2018-01-04 08:59:59 social.chinwag.im
2018-01-05 08:59:59 mastodon.moritrunk.com
2018-01-10 08:59:59 mastodon.850mb.net
2018-01-12 08:59:59 mastadon.tescher.me
2018-01-12 08:59:59 tescher.me
2018-01-12 08:59:59 topbol.com
2018-01-12 08:59:59 vmrpc.net
2018-01-14 08:59:59 mastodon.me.uk
2018-01-15 08:59:59 wasteland.pro
2018-01-16 08:59:59 don.de-liker.com
2018-01-17 08:59:59 killmi.st
2018-01-17 08:59:59 mstdn.syui.cf
2018-01-17 08:59:59 open2.ch
2018-01-18 08:59:59 mastodonargentina.club
2018-01-18 08:59:59 md.jigensha.info
2018-01-18 08:59:59 shadowsynth.xyz
2018-01-18 08:59:59 teitoku.to
2018-01-19 08:59:59 john-mastodon.scalingo.io
2018-01-21 08:59:59 jstd.me
2018-01-21 08:59:59 social.dropbear.xyz
2018-01-22 08:59:59 social.matsuuratomoya.com
2018-01-23 08:59:59 grimoire.kanzakiranko.jp
2018-01-23 08:59:59 mastodon.work
2018-01-23 08:59:59 social.0day.agency
2018-01-23 08:59:59 spod.ca
2018-01-23 08:59:59 toots.corzntin.fr
2018-01-25 08:59:59 mastodon.jtwp470.net
2018-01-26 08:59:59 happy-social-life.fudanchii.net
2018-01-26 08:59:59 mstdn.kemono-friends.info
2018-01-26 08:59:59 s.dat.cloud
2018-01-26 08:59:59 ukrainian.social
2018-01-27 08:59:59 pegelinux.ga
2018-01-27 08:59:59 scholar.social
2018-01-28 08:59:59 mastodon.hk
2018-01-29 08:59:59 kyoto-citygrid.org
2018-02-03 02:38:52 mist.so
2018-03-12 06:23:12 mastodon.matrix.org
2018-04-02 08:59:59 mstdn.9uelle.jp
2018-04-06 08:59:59 anticapitalist.party
2018-04-06 08:59:59 social.noostache.fr
2018-04-07 08:59:59 myriad.social
2018-04-07 08:59:59 pdx.social
2018-04-10 08:59:59 mastodon.pe
2018-04-12 08:59:59 tuner.1242.com
2018-04-13 08:59:59 mastodon.groningendigitalcity.com
2018-04-15 08:59:59 mastodont.cat
2018-04-15 13:33:13 mstdn.tokyocameraclub.com
2018-04-16 08:59:00 recode.macro.tokyo
2018-04-16 08:59:59 taruntarun.net
2018-04-17 08:59:00 vocalodon.net
2018-04-17 08:59:59 m.rweekly.org
2018-04-17 19:33:42 elephant.bluecore.net
2018-04-18 08:59:59 mastodon.niu.ne.jp
2018-04-18 12:21:00 tokyo.mastodon-servers.net
2018-04-20 08:59:00 3.nu
2018-04-20 08:59:00 aqua-graphic.blue
2018-04-21 08:59:59 mastodons.jp
2018-04-23 08:59:59 mst3k.interlinked.me
2018-04-24 21:00:00 mstdn.cc
2018-05-01 02:12:17 7pm.org
2018-05-01 02:12:17 mcb.today
2018-05-01 02:12:17 nagas.xyz
2018-05-02 08:59:59 symphogear-don.m.to
2018-05-03 08:59:00 don.h3z.jp
2018-05-04 08:59:59 gundam.masto.host
2018-05-04 08:59:59 hfukuchi.masto.host
2018-05-04 08:59:59 kaisendon.masto.host
2018-05-04 08:59:59 kemono-friends.masto.host
2018-05-04 08:59:59 mindful.masto.host
2018-05-06 08:59:59 gingadon.com
2018-05-07 02:34:36 koshiendon.com
2018-05-09 08:59:59 monstodon.info
2018-05-09 12:15:38 amefootdon.com
2018-05-09 21:00:00 ephemeral.glitch.social
2018-05-09 21:00:00 glitch.social
2018-05-12 08:59:59 mastedm.club
2018-05-14 21:00:00 imastodon.net
2018-05-14 21:00:00 pawoo.net
2018-05-15 21:00:00 don.chakuriki.net
2018-05-15 21:00:00 mastdn.com
2018-05-15 21:00:00 twit.jp
2018-05-15 21:00:00 unnerv.jp
2018-05-16 21:00:00 mastodon.chotto.moe
2018-05-17 21:00:00 kemonodon.club
2018-05-17 21:00:00 msdnaart.net
2018-05-17 21:00:00 mstdn.fm
2018-05-17 21:00:00 pritter.tk
2018-05-17 21:00:00 takahashi.social
2018-05-18 21:00:00 friends.nico
2018-05-18 21:00:00 mastdon.jp
2018-05-18 21:00:00 mastodon.ka0.co
2018-05-18 21:00:00 mstdn.mechkey.jp
2018-05-18 22:18:58 social.bluecore.net
2018-05-20 21:00:00 cos.zone
2018-05-21 21:00:00 mastodon.gg
2018-05-21 21:00:00 mstdn-server.jp
2018-05-21 21:00:00 saigodon.jp
2018-05-22 21:00:00 ekuro.jp
2018-05-22 21:00:00 hydroxyquinol.net
2018-05-22 21:00:00 umastodon.jp
2018-05-24 21:00:00 mstdn-minpaku.jp
2018-05-24 21:00:00 newsmastodon.com
2018-05-25 21:00:00 jeunesse.media
2018-05-26 21:00:00 forum.manga.tokyo
2018-05-26 21:00:00 friends.tennis
2018-05-26 21:00:00 mstdn-babymetal.com
2018-05-27 21:00:00 cuttlefi.sh
2018-05-27 21:00:00 mediartodon.net
2018-05-27 21:00:00 utodon.jp
2018-05-28 13:08:18 don.mfz.jp
2018-05-28 21:00:00 ue4-mstdn.tokyo
2018-05-28 21:00:00 yamastodon.jp
2018-05-29 21:00:00 hokutodon.co
2018-05-30 08:59:59 ziroh.be
2018-05-30 21:00:00 mstdngirls.net
2018-06-01 21:00:00 mastodon.3bk.jp
2018-06-01 21:00:00 paors.lv
2018-06-03 21:00:00 unityjp-mastodon.tokyo
2018-06-07 21:00:00 danshudon.jp
2018-06-08 08:59:59 nobody.social
2018-06-09 21:00:00 lilydon.com
2018-06-10 08:59:59 mast.kaikretschmann.de
2018-06-10 21:00:00 765ml.com
2018-06-12 21:00:00 qiitadon.com
2018-06-13 21:00:00 tvdon.tv
2018-06-15 21:00:00 setagaya.place-life.com
2018-06-15 21:00:00 thinkers.ac
2018-06-20 08:59:59 mstdn.aquaplus.jp
2018-06-26 18:01:46 sn.angry.im
2018-06-28 21:00:00 kashiwadon.net
2018-07-01 08:59:59 julika.jp
2018-07-06 21:00:00 doncers.com
2018-07-08 21:00:00 music.pawoo.net
2018-07-24 08:59:59 mastodon.eliotberriot.com
2018-08-05 21:00:00 now.kibousoft.co.jp
2018-08-05 21:00:00 pachi.house
2018-08-18 21:00:00 wmdon.jp
2018-09-13 08:59:59 mastodon.toycode.com
2018-09-18 08:59:59 mstdn.chogawa-bunko.com
2018-09-23 03:59:18 mstdn.awm.jp
2018-10-10 21:00:00 mastodon.huma-num.fr
2019-04-06 08:59:59 m.gandi.social
2019-04-18 08:59:59 mstdn-football.jp
2019-04-28 08:59:59 mstdn-uragi.jp
2019-06-28 22:08:41 mastodon.land
2019-07-17 19:53:59 mastodon.div88.org
2020-03-15 08:59:59 mastodon.elao.com
2020-04-02 08:59:59 mastodon.redbrick.dcu.ie
2020-04-04 08:59:59 rafting.io
2020-04-17 08:59:59 mstdn.it-infra.jp
2020-04-22 08:59:59 wizfox.jp
2020-04-24 08:59:00 mastodon.29lab.jp
2020-04-24 08:59:59 mastodon.mit.edu
2020-05-13 08:59:59 mastodon.home.js4.in
2020-05-27 08:59:59 acg.mn
2020-06-22 21:00:00 fierce-reef-65367.herokuapp.com
2020-06-22 21:00:00 hitb-masto.herokuapp.com
2020-06-22 21:00:00 hojiro.herokuapp.com
2027-07-15 23:13:10 demanderjustice.social
